#
# There is insufficient memory for the Java Runtime Environment to continue.
# Native memory allocation (malloc) failed to allocate 1073376 bytes for Chunk::new
# Possible reasons:
#   The system is out of physical RAM or swap space
#   The process is running with CompressedOops enabled, and the Java Heap may be blocking the growth of the native heap
# Possible solutions:
#   Reduce memory load on the system
#   Increase physical memory or swap space
#   Check if swap backing store is full
#   Decrease Java heap size (-Xmx/-Xms)
#   Decrease number of Java threads
#   Decrease Java thread stack sizes (-Xss)
#   Set larger code cache with -XX:ReservedCodeCacheSize=
#   JVM is running with Zero Based Compressed Oops mode in which the Java heap is
#     placed in the first 32GB address space. The Java Heap base address is the
#     maximum limit for the native heap growth. Please use -XX:HeapBaseMinAddress
#     to set the Java Heap base and to place the Java Heap above 32GB virtual address.
# This output file may be truncated or incomplete.
#
#  Out of Memory Error (arena.cpp:168), pid=24408, tid=47592
#
# JRE version: Java(TM) SE Runtime Environment (21.0.3+7) (build 21.0.3+7-LTS-152)
# Java VM: Java HotSpot(TM) 64-Bit Server VM (21.0.3+7-LTS-152, mixed mode, sharing, tiered, compressed oops, compressed class ptrs, g1 gc, windows-amd64)
# No core dump will be written. Minidumps are not enabled by default on client versions of Windows
#

---------------  S U M M A R Y ------------

Command Line: -javaagent:C:\Program Files\JetBrains\IntelliJ IDEA Community Edition 2024.1.5\lib\idea_rt.jar=11811:C:\Program Files\JetBrains\IntelliJ IDEA Community Edition 2024.1.5\bin -Dfile.encoding=UTF-8 -Dsun.stdout.encoding=UTF-8 -Dsun.stderr.encoding=UTF-8 com.example.Spring_Batch_Quartz_Demo.SpringBatchQuartzDemoApplication

Host: AMD Ryzen 7 5800HS with Radeon Graphics         , 16 cores, 15G,  Windows 11 , 64 bit Build 22621 (10.0.22621.3958)
Time: Fri Sep 13 14:52:25 2024 SE Asia Standard Time elapsed time: 62.604180 seconds (0d 0h 1m 2s)

---------------  T H R E A D  ---------------

Current thread (0x00000214ee14f930):  JavaThread "C2 CompilerThread1" daemon [_thread_in_native, id=47592, stack(0x000000bd9bc00000,0x000000bd9bd00000) (1024K)]


Current CompileTask:
C2:  62604 4769       4       org.springframework.beans.factory.support.AbstractBeanFactory::isTypeMatch (745 bytes)

Stack: [0x000000bd9bc00000,0x000000bd9bd00000]
Native frames: (J=compiled Java code, j=interpreted, Vv=VM code, C=native code)
V  [jvm.dll+0x6c63b9]
V  [jvm.dll+0x84fa11]
V  [jvm.dll+0x851f3e]
V  [jvm.dll+0x852613]
V  [jvm.dll+0x27cd46]
V  [jvm.dll+0xc4aad]
V  [jvm.dll+0xc4fe3]
V  [jvm.dll+0x2efaff]
V  [jvm.dll+0x5f150a]
V  [jvm.dll+0x24e99f]
V  [jvm.dll+0x24ed7f]
V  [jvm.dll+0x247984]
V  [jvm.dll+0x245014]
V  [jvm.dll+0x1c689e]
V  [jvm.dll+0x254609]
V  [jvm.dll+0x252b9a]
V  [jvm.dll+0x3eb056]
V  [jvm.dll+0x7f9ffb]
V  [jvm.dll+0x6c4a9d]
C  [ucrtbase.dll+0x29333]
C  [KERNEL32.DLL+0x1257d]
C  [ntdll.dll+0x5af28]


---------------  P R O C E S S  ---------------

Threads class SMR info:
_java_thread_list=0x00000214ecd662b0, length=43, elements={
0x00000214e5099f00, 0x00000214e509ac20, 0x00000214e509d270, 0x00000214e509dcd0,
0x00000214e509e860, 0x00000214e50a0400, 0x00000214e50a12c0, 0x00000214e50a1d60,
0x00000214e50cd950, 0x00000214e5757930, 0x00000214e5757fa0, 0x00000214ecd6da40,
0x00000214ebfed640, 0x00000214ed031350, 0x00000214edd2cf70, 0x00000214edd2aea0,
0x00000214edd2b530, 0x00000214edd29af0, 0x00000214edd2bbc0, 0x00000214edd2c250,
0x00000214edd2c8e0, 0x00000214edd2a180, 0x00000214ecc771f0, 0x00000214ecc764d0,
0x00000214ecc7b390, 0x00000214ecc7ba20, 0x00000214ecc792c0, 0x00000214ecc76b60,
0x00000214ecc7ad00, 0x00000214ecc79950, 0x00000214ecc785a0, 0x00000214ecc74a90,
0x00000214ecc7c0b0, 0x00000214ecc75120, 0x00000214ecc77880, 0x00000214ecc757b0,
0x00000214ecc79fe0, 0x00000214ecc77f10, 0x00000214ecc78c30, 0x00000214ecc75e40,
0x00000214ee14f930, 0x00000214ecc7a670, 0x00000214edd2a810
}

Java Threads: ( => current thread )
  0x00000214e5099f00 JavaThread "Reference Handler"          daemon [_thread_blocked, id=49412, stack(0x000000bd9c700000,0x000000bd9c800000) (1024K)]
  0x00000214e509ac20 JavaThread "Finalizer"                  daemon [_thread_blocked, id=51072, stack(0x000000bd9c800000,0x000000bd9c900000) (1024K)]
  0x00000214e509d270 JavaThread "Signal Dispatcher"          daemon [_thread_blocked, id=30272, stack(0x000000bd9c900000,0x000000bd9ca00000) (1024K)]
  0x00000214e509dcd0 JavaThread "Attach Listener"            daemon [_thread_blocked, id=14108, stack(0x000000bd9ca00000,0x000000bd9cb00000) (1024K)]
  0x00000214e509e860 JavaThread "Service Thread"             daemon [_thread_blocked, id=32472, stack(0x000000bd9cb00000,0x000000bd9cc00000) (1024K)]
  0x00000214e50a0400 JavaThread "Monitor Deflation Thread"   daemon [_thread_blocked, id=13508, stack(0x000000bd9cc00000,0x000000bd9cd00000) (1024K)]
  0x00000214e50a12c0 JavaThread "C2 CompilerThread0"         daemon [_thread_blocked, id=16368, stack(0x000000bd9cd00000,0x000000bd9ce00000) (1024K)]
  0x00000214e50a1d60 JavaThread "C1 CompilerThread0"         daemon [_thread_blocked, id=50860, stack(0x000000bd9ce00000,0x000000bd9cf00000) (1024K)]
  0x00000214e50cd950 JavaThread "Common-Cleaner"             daemon [_thread_blocked, id=40744, stack(0x000000bd9cf00000,0x000000bd9d000000) (1024K)]
  0x00000214e5757930 JavaThread "Monitor Ctrl-Break"         daemon [_thread_in_native, id=48680, stack(0x000000bd9d300000,0x000000bd9d400000) (1024K)]
  0x00000214e5757fa0 JavaThread "Notification Thread"        daemon [_thread_blocked, id=39844, stack(0x000000bd9d400000,0x000000bd9d500000) (1024K)]
  0x00000214ecd6da40 JavaThread "Catalina-utility-1"                [_thread_blocked, id=36816, stack(0x000000bd9e700000,0x000000bd9e800000) (1024K)]
  0x00000214ebfed640 JavaThread "Catalina-utility-2"                [_thread_blocked, id=36992, stack(0x000000bd9e800000,0x000000bd9e900000) (1024K)]
  0x00000214ed031350 JavaThread "container-0"                       [_thread_blocked, id=12292, stack(0x000000bd9e900000,0x000000bd9ea00000) (1024K)]
  0x00000214edd2cf70 JavaThread "PostgreSQL-JDBC-Cleaner"    daemon [_thread_blocked, id=50240, stack(0x000000bd9eb00000,0x000000bd9ec00000) (1024K)]
  0x00000214edd2aea0 JavaThread "HikariPool-1 housekeeper"   daemon [_thread_blocked, id=50976, stack(0x000000bd9ec00000,0x000000bd9ed00000) (1024K)]
  0x00000214edd2b530 JavaThread "quartzScheduler_Worker-1"          [_thread_blocked, id=31600, stack(0x000000bd9ee00000,0x000000bd9ef00000) (1024K)]
  0x00000214edd29af0 JavaThread "quartzScheduler_Worker-2"          [_thread_blocked, id=50540, stack(0x000000bd9ef00000,0x000000bd9f000000) (1024K)]
  0x00000214edd2bbc0 JavaThread "quartzScheduler_Worker-3"          [_thread_blocked, id=34968, stack(0x000000bd9f000000,0x000000bd9f100000) (1024K)]
  0x00000214edd2c250 JavaThread "quartzScheduler_Worker-4"          [_thread_blocked, id=20880, stack(0x000000bd9f100000,0x000000bd9f200000) (1024K)]
  0x00000214edd2c8e0 JavaThread "quartzScheduler_Worker-5"          [_thread_blocked, id=45812, stack(0x000000bd9f200000,0x000000bd9f300000) (1024K)]
  0x00000214edd2a180 JavaThread "quartzScheduler_Worker-6"          [_thread_blocked, id=27192, stack(0x000000bd9f300000,0x000000bd9f400000) (1024K)]
  0x00000214ecc771f0 JavaThread "quartzScheduler_Worker-7"          [_thread_blocked, id=44460, stack(0x000000bd9f400000,0x000000bd9f500000) (1024K)]
  0x00000214ecc764d0 JavaThread "quartzScheduler_Worker-8"          [_thread_blocked, id=29936, stack(0x000000bd9f500000,0x000000bd9f600000) (1024K)]
  0x00000214ecc7b390 JavaThread "quartzScheduler_Worker-9"          [_thread_blocked, id=18672, stack(0x000000bd9f600000,0x000000bd9f700000) (1024K)]
  0x00000214ecc7ba20 JavaThread "quartzScheduler_Worker-10"         [_thread_blocked, id=13200, stack(0x000000bd9f700000,0x000000bd9f800000) (1024K)]
  0x00000214ecc792c0 JavaThread "quartzScheduler_QuartzSchedulerThread"        [_thread_blocked, id=44172, stack(0x000000bd9f800000,0x000000bd9f900000) (1024K)]
  0x00000214ecc76b60 JavaThread "http-nio-8080-exec-1"       daemon [_thread_blocked, id=49084, stack(0x000000bd9f900000,0x000000bd9fa00000) (1024K)]
  0x00000214ecc7ad00 JavaThread "http-nio-8080-exec-2"       daemon [_thread_blocked, id=33488, stack(0x000000bd9fa00000,0x000000bd9fb00000) (1024K)]
  0x00000214ecc79950 JavaThread "http-nio-8080-exec-3"       daemon [_thread_blocked, id=19144, stack(0x000000bd9fb00000,0x000000bd9fc00000) (1024K)]
  0x00000214ecc785a0 JavaThread "http-nio-8080-exec-4"       daemon [_thread_blocked, id=48568, stack(0x000000bd9fc00000,0x000000bd9fd00000) (1024K)]
  0x00000214ecc74a90 JavaThread "http-nio-8080-exec-5"       daemon [_thread_blocked, id=50532, stack(0x000000bd9fd00000,0x000000bd9fe00000) (1024K)]
  0x00000214ecc7c0b0 JavaThread "http-nio-8080-exec-6"       daemon [_thread_blocked, id=49000, stack(0x000000bd9fe00000,0x000000bd9ff00000) (1024K)]
  0x00000214ecc75120 JavaThread "http-nio-8080-exec-7"       daemon [_thread_blocked, id=49092, stack(0x000000bd9ff00000,0x000000bda0000000) (1024K)]
  0x00000214ecc77880 JavaThread "http-nio-8080-exec-8"       daemon [_thread_blocked, id=50836, stack(0x000000bda0000000,0x000000bda0100000) (1024K)]
  0x00000214ecc757b0 JavaThread "http-nio-8080-exec-9"       daemon [_thread_blocked, id=42976, stack(0x000000bda0100000,0x000000bda0200000) (1024K)]
  0x00000214ecc79fe0 JavaThread "http-nio-8080-exec-10"      daemon [_thread_blocked, id=49056, stack(0x000000bda0200000,0x000000bda0300000) (1024K)]
  0x00000214ecc77f10 JavaThread "http-nio-8080-Poller"       daemon [_thread_in_native, id=48220, stack(0x000000bda0300000,0x000000bda0400000) (1024K)]
  0x00000214ecc78c30 JavaThread "http-nio-8080-Acceptor"     daemon [_thread_in_native, id=48500, stack(0x000000bda0400000,0x000000bda0500000) (1024K)]
  0x00000214ecc75e40 JavaThread "DestroyJavaVM"                     [_thread_blocked, id=46884, stack(0x000000bd9bf00000,0x000000bd9c000000) (1024K)]
=>0x00000214ee14f930 JavaThread "C2 CompilerThread1"         daemon [_thread_in_native, id=47592, stack(0x000000bd9bc00000,0x000000bd9bd00000) (1024K)]
  0x00000214ecc7a670 JavaThread "HikariPool-1 connection closer" daemon [_thread_blocked, id=41840, stack(0x000000bd9bd00000,0x000000bd9be00000) (1024K)]
  0x00000214edd2a810 JavaThread "HikariPool-1 connection adder" daemon [_thread_blocked, id=46696, stack(0x000000bd9be00000,0x000000bd9bf00000) (1024K)]
Total: 43

Other Threads:
  0x00000214c3362f90 VMThread "VM Thread"                           [id=50912, stack(0x000000bd9c600000,0x000000bd9c700000) (1024K)]
  0x00000214e5064310 WatcherThread "VM Periodic Task Thread"        [id=39504, stack(0x000000bd9c500000,0x000000bd9c600000) (1024K)]
  0x00000214c33636d0 WorkerThread "GC Thread#0"                     [id=50852, stack(0x000000bd9c000000,0x000000bd9c100000) (1024K)]
  0x00000214c3362bf0 WorkerThread "GC Thread#1"                     [id=28584, stack(0x000000bd9d600000,0x000000bd9d700000) (1024K)]
  0x00000214c33624b0 WorkerThread "GC Thread#2"                     [id=11260, stack(0x000000bd9d700000,0x000000bd9d800000) (1024K)]
  0x00000214ea4d8a40 WorkerThread "GC Thread#3"                     [id=38820, stack(0x000000bd9d800000,0x000000bd9d900000) (1024K)]
  0x00000214ea4d9180 WorkerThread "GC Thread#4"                     [id=14856, stack(0x000000bd9d900000,0x000000bd9da00000) (1024K)]
  0x00000214ea4d98c0 WorkerThread "GC Thread#5"                     [id=45236, stack(0x000000bd9da00000,0x000000bd9db00000) (1024K)]
  0x00000214ea4d9520 WorkerThread "GC Thread#6"                     [id=50344, stack(0x000000bd9dd00000,0x000000bd9de00000) (1024K)]
  0x00000214ea4da000 WorkerThread "GC Thread#7"                     [id=8796, stack(0x000000bd9de00000,0x000000bd9df00000) (1024K)]
  0x00000214ea4d8de0 WorkerThread "GC Thread#8"                     [id=38816, stack(0x000000bd9df00000,0x000000bd9e000000) (1024K)]
  0x00000214ea4d8300 WorkerThread "GC Thread#9"                     [id=44396, stack(0x000000bd9e000000,0x000000bd9e100000) (1024K)]
  0x00000214ea4d69a0 WorkerThread "GC Thread#10"                    [id=36896, stack(0x000000bd9e100000,0x000000bd9e200000) (1024K)]
  0x00000214ea4d7820 WorkerThread "GC Thread#11"                    [id=31388, stack(0x000000bd9e300000,0x000000bd9e400000) (1024K)]
  0x00000214ea4d7480 WorkerThread "GC Thread#12"                    [id=43308, stack(0x000000bd9e400000,0x000000bd9e500000) (1024K)]
  0x00000214c3759f00 ConcurrentGCThread "G1 Main Marker"            [id=16816, stack(0x000000bd9c100000,0x000000bd9c200000) (1024K)]
  0x00000214c3363a70 WorkerThread "G1 Conc#0"                       [id=31840, stack(0x000000bd9c200000,0x000000bd9c300000) (1024K)]
  0x00000214ea4d7bc0 WorkerThread "G1 Conc#1"                       [id=27596, stack(0x000000bd9e500000,0x000000bd9e600000) (1024K)]
  0x00000214ea4d7f60 WorkerThread "G1 Conc#2"                       [id=38804, stack(0x000000bd9e600000,0x000000bd9e700000) (1024K)]
  0x00000214e4f340e0 ConcurrentGCThread "G1 Refine#0"               [id=14076, stack(0x000000bd9c300000,0x000000bd9c400000) (1024K)]
  0x00000214e4f34a60 ConcurrentGCThread "G1 Service"                [id=50916, stack(0x000000bd9c400000,0x000000bd9c500000) (1024K)]
Total: 21

Threads with active compile tasks:
C2 CompilerThread1    62627 4769       4       org.springframework.beans.factory.support.AbstractBeanFactory::isTypeMatch (745 bytes)
Total: 1

VM state: not at safepoint (normal execution)

VM Mutex/Monitor currently owned by a thread: None

Heap address: 0x0000000709800000, size: 3944 MB, Compressed Oops mode: Zero based, Oop shift amount: 3

CDS archive(s) mapped at: [0x0000021480000000-0x0000021480c90000-0x0000021480c90000), size 13172736, SharedBaseAddress: 0x0000021480000000, ArchiveRelocationMode: 1.
Compressed class space mapped at: 0x0000021481000000-0x00000214c1000000, reserved size: 1073741824
Narrow klass base: 0x0000021480000000, Narrow klass shift: 0, Narrow klass range: 0x100000000

GC Precious Log:
 CardTable entry size: 512
 Card Set container configuration: InlinePtr #cards 4 size 8 Array Of Cards #cards 16 size 48 Howl #buckets 8 coarsen threshold 3686 Howl Bitmap #cards 512 size 80 coarsen threshold 460 Card regions per heap region 1 cards per card region 4096
 CPUs: 16 total, 16 available
 Memory: 15775M
 Large Page Support: Disabled
 NUMA Support: Disabled
 Compressed Oops: Enabled (Zero based)
 Heap Region Size: 2M
 Heap Min Capacity: 8M
 Heap Initial Capacity: 248M
 Heap Max Capacity: 3944M
 Pre-touch: Disabled
 Parallel Workers: 13
 Concurrent Workers: 3
 Concurrent Refinement Workers: 13
 Periodic GC: Disabled

Heap:
 garbage-first heap   total 67584K, used 21123K [0x0000000709800000, 0x0000000800000000)
  region size 2048K, 5 young (10240K), 3 survivors (6144K)
 Metaspace       used 36347K, committed 36992K, reserved 1114112K
  class space    used 4519K, committed 4800K, reserved 1048576K

Heap Regions: E=young(eden), S=young(survivor), O=old, HS=humongous(starts), HC=humongous(continues), CS=collection set, F=free, TAMS=top-at-mark-start, PB=parsable bottom
|   0|0x0000000709800000, 0x0000000709a00000, 0x0000000709a00000|100%| O|  |TAMS 0x0000000709800000| PB 0x0000000709800000| Untracked 
|   1|0x0000000709a00000, 0x0000000709c00000, 0x0000000709c00000|100%| O|  |TAMS 0x0000000709a00000| PB 0x0000000709a00000| Untracked 
|   2|0x0000000709c00000, 0x0000000709c00000, 0x0000000709e00000|  0%| F|  |TAMS 0x0000000709c00000| PB 0x0000000709c00000| Untracked 
|   3|0x0000000709e00000, 0x000000070a000000, 0x000000070a000000|100%| O|  |TAMS 0x0000000709e00000| PB 0x0000000709e00000| Untracked 
|   4|0x000000070a000000, 0x000000070a200000, 0x000000070a200000|100%| O|Cm|TAMS 0x000000070a000000| PB 0x000000070a000000| Complete 
|   5|0x000000070a200000, 0x000000070a400000, 0x000000070a400000|100%| O|  |TAMS 0x000000070a200000| PB 0x000000070a200000| Untracked 
|   6|0x000000070a400000, 0x000000070a600000, 0x000000070a600000|100%| O|  |TAMS 0x000000070a400000| PB 0x000000070a400000| Untracked 
|   7|0x000000070a600000, 0x000000070a800000, 0x000000070a800000|100%| O|  |TAMS 0x000000070a600000| PB 0x000000070a600000| Untracked 
|   8|0x000000070a800000, 0x000000070a86ea00, 0x000000070aa00000| 21%| O|  |TAMS 0x000000070a800000| PB 0x000000070a800000| Untracked 
|   9|0x000000070aa00000, 0x000000070aa00000, 0x000000070ac00000|  0%| F|  |TAMS 0x000000070aa00000| PB 0x000000070aa00000| Untracked 
|  10|0x000000070ac00000, 0x000000070ac00000, 0x000000070ae00000|  0%| F|  |TAMS 0x000000070ac00000| PB 0x000000070ac00000| Untracked 
|  11|0x000000070ae00000, 0x000000070ae00000, 0x000000070b000000|  0%| F|  |TAMS 0x000000070ae00000| PB 0x000000070ae00000| Untracked 
|  12|0x000000070b000000, 0x000000070b000000, 0x000000070b200000|  0%| F|  |TAMS 0x000000070b000000| PB 0x000000070b000000| Untracked 
|  13|0x000000070b200000, 0x000000070b200000, 0x000000070b400000|  0%| F|  |TAMS 0x000000070b200000| PB 0x000000070b200000| Untracked 
|  14|0x000000070b400000, 0x000000070b400000, 0x000000070b600000|  0%| F|  |TAMS 0x000000070b400000| PB 0x000000070b400000| Untracked 
|  15|0x000000070b600000, 0x000000070b600000, 0x000000070b800000|  0%| F|  |TAMS 0x000000070b600000| PB 0x000000070b600000| Untracked 
|  16|0x000000070b800000, 0x000000070b800000, 0x000000070ba00000|  0%| F|  |TAMS 0x000000070b800000| PB 0x000000070b800000| Untracked 
|  17|0x000000070ba00000, 0x000000070ba00000, 0x000000070bc00000|  0%| F|  |TAMS 0x000000070ba00000| PB 0x000000070ba00000| Untracked 
|  18|0x000000070bc00000, 0x000000070bc00000, 0x000000070be00000|  0%| F|  |TAMS 0x000000070bc00000| PB 0x000000070bc00000| Untracked 
|  19|0x000000070be00000, 0x000000070be00000, 0x000000070c000000|  0%| F|  |TAMS 0x000000070be00000| PB 0x000000070be00000| Untracked 
|  20|0x000000070c000000, 0x000000070c000000, 0x000000070c200000|  0%| F|  |TAMS 0x000000070c000000| PB 0x000000070c000000| Untracked 
|  21|0x000000070c200000, 0x000000070c200000, 0x000000070c400000|  0%| F|  |TAMS 0x000000070c200000| PB 0x000000070c200000| Untracked 
|  22|0x000000070c400000, 0x000000070c400000, 0x000000070c600000|  0%| F|  |TAMS 0x000000070c400000| PB 0x000000070c400000| Untracked 
|  23|0x000000070c600000, 0x000000070c600000, 0x000000070c800000|  0%| F|  |TAMS 0x000000070c600000| PB 0x000000070c600000| Untracked 
|  24|0x000000070c800000, 0x000000070c800000, 0x000000070ca00000|  0%| F|  |TAMS 0x000000070c800000| PB 0x000000070c800000| Untracked 
|  25|0x000000070ca00000, 0x000000070ca32388, 0x000000070cc00000|  9%| S|CS|TAMS 0x000000070ca00000| PB 0x000000070ca00000| Complete 
|  26|0x000000070cc00000, 0x000000070ce00000, 0x000000070ce00000|100%| S|CS|TAMS 0x000000070cc00000| PB 0x000000070cc00000| Complete 
|  27|0x000000070ce00000, 0x000000070d000000, 0x000000070d000000|100%| S|CS|TAMS 0x000000070ce00000| PB 0x000000070ce00000| Complete 
|  97|0x0000000715a00000, 0x0000000715a00000, 0x0000000715c00000|  0%| F|  |TAMS 0x0000000715a00000| PB 0x0000000715a00000| Untracked 
|  98|0x0000000715c00000, 0x0000000715c00000, 0x0000000715e00000|  0%| F|  |TAMS 0x0000000715c00000| PB 0x0000000715c00000| Untracked 
|  99|0x0000000715e00000, 0x0000000715e00000, 0x0000000716000000|  0%| F|  |TAMS 0x0000000715e00000| PB 0x0000000715e00000| Untracked 
| 100|0x0000000716000000, 0x00000007161ce138, 0x0000000716200000| 90%| E|  |TAMS 0x0000000716000000| PB 0x0000000716000000| Complete 
| 123|0x0000000718e00000, 0x0000000719000000, 0x0000000719000000|100%| E|CS|TAMS 0x0000000718e00000| PB 0x0000000718e00000| Complete 

Card table byte_map: [0x00000214ddad0000,0x00000214de290000] _byte_map_base: 0x00000214da284000

Marking Bits: (CMBitMap*) 0x00000214c3749df0
 Bits: [0x00000214de290000, 0x00000214e2030000)

Polling page: 0x00000214c37a0000

Metaspace:

Usage:
  Non-class:     31.08 MB used.
      Class:      4.41 MB used.
       Both:     35.50 MB used.

Virtual space:
  Non-class space:       64.00 MB reserved,      31.44 MB ( 49%) committed,  1 nodes.
      Class space:        1.00 GB reserved,       4.69 MB ( <1%) committed,  1 nodes.
             Both:        1.06 GB reserved,      36.12 MB (  3%) committed. 

Chunk freelists:
   Non-Class:  176.00 KB
       Class:  11.36 MB
        Both:  11.53 MB

MaxMetaspaceSize: unlimited
CompressedClassSpaceSize: 1.00 GB
Initial GC threshold: 21.00 MB
Current GC threshold: 58.69 MB
CDS: on
 - commit_granule_bytes: 65536.
 - commit_granule_words: 8192.
 - virtual_space_node_default_size: 8388608.
 - enlarge_chunks_in_place: 1.
 - use_allocation_guard: 0.


Internal statistics:

num_allocs_failed_limit: 6.
num_arena_births: 764.
num_arena_deaths: 0.
num_vsnodes_births: 2.
num_vsnodes_deaths: 0.
num_space_committed: 578.
num_space_uncommitted: 0.
num_chunks_returned_to_freelist: 6.
num_chunks_taken_from_freelist: 2130.
num_chunk_merges: 6.
num_chunk_splits: 1421.
num_chunks_enlarged: 986.
num_inconsistent_stats: 0.

CodeHeap 'non-profiled nmethods': size=119168Kb used=2745Kb max_used=2970Kb free=116422Kb
 bounds [0x00000214d4ef0000, 0x00000214d51e0000, 0x00000214dc350000]
CodeHeap 'profiled nmethods': size=119104Kb used=8704Kb max_used=9846Kb free=110399Kb
 bounds [0x00000214cd350000, 0x00000214cdcf0000, 0x00000214d47a0000]
CodeHeap 'non-nmethods': size=7488Kb used=1500Kb max_used=3243Kb free=5987Kb
 bounds [0x00000214d47a0000, 0x00000214d4ad0000, 0x00000214d4ef0000]
 total_blobs=4932 nmethods=4356 adapters=480
 compilation: enabled
              stopped_count=0, restarted_count=0
 full_count=0

Compilation events (20 events):
Event: 62.389 Thread 0x00000214e50a1d60 nmethod 4818 0x00000214d4f03f90 code [0x00000214d4f04120, 0x00000214d4f041f0]
Event: 62.389 Thread 0x00000214e50a1d60 4819       1       java.text.DecimalFormatSymbols::getInfinity (5 bytes)
Event: 62.390 Thread 0x00000214e50a1d60 nmethod 4819 0x00000214d4fa0790 code [0x00000214d4fa0920, 0x00000214d4fa09f0]
Event: 62.390 Thread 0x00000214e50a1d60 4821       3       java.lang.StringBuilder::append (6 bytes)
Event: 62.390 Thread 0x00000214e50a1d60 nmethod 4821 0x00000214cd373510 code [0x00000214cd3736c0, 0x00000214cd373870]
Event: 62.390 Thread 0x00000214e50a1d60 4822       3       org.postgresql.jdbc.PgConnection::checkClosed (29 bytes)
Event: 62.390 Thread 0x00000214e50a12c0 nmethod 4820 0x00000214d4f3b390 code [0x00000214d4f3b520, 0x00000214d4f3b610]
Event: 62.390 Thread 0x00000214e50a1d60 nmethod 4822 0x00000214cd399310 code [0x00000214cd399520, 0x00000214cd399c40]
Event: 62.390 Thread 0x00000214e50a1d60 4823       3       java.util.concurrent.ScheduledThreadPoolExecutor::canRunInCurrentRunState (61 bytes)
Event: 62.391 Thread 0x00000214e50a1d60 nmethod 4823 0x00000214cd35af10 code [0x00000214cd35b120, 0x00000214cd35b910]
Event: 62.470 Thread 0x00000214e50a1d60 4824       3       org.postgresql.core.PGStream::sendInteger4 (53 bytes)
Event: 62.470 Thread 0x00000214e50a1d60 nmethod 4824 0x00000214cd39c210 code [0x00000214cd39c3c0, 0x00000214cd39c640]
Event: 62.470 Thread 0x00000214e50a1d60 4825       3       java.util.Collections$SingletonList::get (41 bytes)
Event: 62.471 Thread 0x00000214e50a1d60 nmethod 4825 0x00000214cd513390 code [0x00000214cd5135e0, 0x00000214cd513ca0]
Event: 62.509 Thread 0x00000214e50a1d60 4826       1       java.nio.DirectByteBuffer::base (2 bytes)
Event: 62.509 Thread 0x00000214e50a1d60 nmethod 4826 0x00000214d4f3b090 code [0x00000214d4f3b220, 0x00000214d4f3b2f0]
Event: 62.574 Thread 0x00000214e50a1d60 4827       3       java.lang.CharacterDataLatin1::isDigit (18 bytes)
Event: 62.574 Thread 0x00000214e50a1d60 nmethod 4827 0x00000214cd480a10 code [0x00000214cd480bc0, 0x00000214cd480d60]
Event: 62.574 Thread 0x00000214e50a12c0 4828       4       java.lang.Integer::hashCode (8 bytes)
Event: 62.574 Thread 0x00000214e50a12c0 nmethod 4828 0x00000214d4fa0490 code [0x00000214d4fa0620, 0x00000214d4fa06a8]

GC Heap History (12 events):
Event: 0.475 GC heap before
{Heap before GC invocations=0 (full 0):
 garbage-first heap   total 253952K, used 22528K [0x0000000709800000, 0x0000000800000000)
  region size 2048K, 11 young (22528K), 0 survivors (0K)
 Metaspace       used 6580K, committed 6784K, reserved 1114112K
  class space    used 755K, committed 832K, reserved 1048576K
}
Event: 0.478 GC heap after
{Heap after GC invocations=1 (full 0):
 garbage-first heap   total 253952K, used 5112K [0x0000000709800000, 0x0000000800000000)
  region size 2048K, 2 young (4096K), 2 survivors (4096K)
 Metaspace       used 6580K, committed 6784K, reserved 1114112K
  class space    used 755K, committed 832K, reserved 1048576K
}
Event: 0.804 GC heap before
{Heap before GC invocations=1 (full 0):
 garbage-first heap   total 253952K, used 35832K [0x0000000709800000, 0x0000000800000000)
  region size 2048K, 17 young (34816K), 2 survivors (4096K)
 Metaspace       used 14553K, committed 14848K, reserved 1114112K
  class space    used 1735K, committed 1856K, reserved 1048576K
}
Event: 0.807 GC heap after
{Heap after GC invocations=2 (full 0):
 garbage-first heap   total 253952K, used 7512K [0x0000000709800000, 0x0000000800000000)
  region size 2048K, 2 young (4096K), 2 survivors (4096K)
 Metaspace       used 14553K, committed 14848K, reserved 1114112K
  class space    used 1735K, committed 1856K, reserved 1048576K
}
Event: 1.435 GC heap before
{Heap before GC invocations=2 (full 0):
 garbage-first heap   total 253952K, used 48472K [0x0000000709800000, 0x0000000800000000)
  region size 2048K, 23 young (47104K), 2 survivors (4096K)
 Metaspace       used 21162K, committed 21504K, reserved 1114112K
  class space    used 2581K, committed 2752K, reserved 1048576K
}
Event: 1.440 GC heap after
{Heap after GC invocations=3 (full 0):
 garbage-first heap   total 253952K, used 11484K [0x0000000709800000, 0x0000000800000000)
  region size 2048K, 4 young (8192K), 4 survivors (8192K)
 Metaspace       used 21162K, committed 21504K, reserved 1114112K
  class space    used 2581K, committed 2752K, reserved 1048576K
}
Event: 2.227 GC heap before
{Heap before GC invocations=4 (full 0):
 garbage-first heap   total 55296K, used 52444K [0x0000000709800000, 0x0000000800000000)
  region size 2048K, 24 young (49152K), 4 survivors (8192K)
 Metaspace       used 29926K, committed 30464K, reserved 1114112K
  class space    used 3674K, committed 3904K, reserved 1048576K
}
Event: 2.233 GC heap after
{Heap after GC invocations=5 (full 0):
 garbage-first heap   total 67584K, used 15463K [0x0000000709800000, 0x0000000800000000)
  region size 2048K, 6 young (12288K), 6 survivors (12288K)
 Metaspace       used 29926K, committed 30464K, reserved 1114112K
  class space    used 3674K, committed 3904K, reserved 1048576K
}
Event: 2.702 GC heap before
{Heap before GC invocations=5 (full 0):
 garbage-first heap   total 67584K, used 42087K [0x0000000709800000, 0x0000000800000000)
  region size 2048K, 19 young (38912K), 6 survivors (12288K)
 Metaspace       used 33244K, committed 33856K, reserved 1114112K
  class space    used 4128K, committed 4416K, reserved 1048576K
}
Event: 2.708 GC heap after
{Heap after GC invocations=6 (full 0):
 garbage-first heap   total 67584K, used 18874K [0x0000000709800000, 0x0000000800000000)
  region size 2048K, 2 young (4096K), 2 survivors (4096K)
 Metaspace       used 33244K, committed 33856K, reserved 1114112K
  class space    used 4128K, committed 4416K, reserved 1048576K
}
Event: 62.224 GC heap before
{Heap before GC invocations=6 (full 0):
 garbage-first heap   total 67584K, used 27066K [0x0000000709800000, 0x0000000800000000)
  region size 2048K, 7 young (14336K), 2 survivors (4096K)
 Metaspace       used 35405K, committed 35968K, reserved 1114112K
  class space    used 4379K, committed 4608K, reserved 1048576K
}
Event: 62.226 GC heap after
{Heap after GC invocations=7 (full 0):
 garbage-first heap   total 67584K, used 19075K [0x0000000709800000, 0x0000000800000000)
  region size 2048K, 3 young (6144K), 3 survivors (6144K)
 Metaspace       used 35405K, committed 35968K, reserved 1114112K
  class space    used 4379K, committed 4608K, reserved 1048576K
}

Dll operation events (13 events):
Event: 0.007 Loaded shared library C:\Program Files\Java\jdk-21\bin\java.dll
Event: 0.034 Loaded shared library C:\Program Files\Java\jdk-21\bin\jsvml.dll
Event: 0.081 Loaded shared library C:\Program Files\Java\jdk-21\bin\zip.dll
Event: 0.083 Loaded shared library C:\Program Files\Java\jdk-21\bin\instrument.dll
Event: 0.087 Loaded shared library C:\Program Files\Java\jdk-21\bin\net.dll
Event: 0.088 Loaded shared library C:\Program Files\Java\jdk-21\bin\nio.dll
Event: 0.091 Loaded shared library C:\Program Files\Java\jdk-21\bin\zip.dll
Event: 0.149 Loaded shared library C:\Program Files\JetBrains\IntelliJ IDEA Community Edition 2024.1.5\bin\breakgen64.dll
Event: 0.155 Loaded shared library C:\Program Files\Java\jdk-21\bin\extnet.dll
Event: 0.176 Loaded shared library C:\Program Files\Java\jdk-21\bin\jimage.dll
Event: 0.891 Loaded shared library C:\Program Files\Java\jdk-21\bin\sunmscapi.dll
Event: 1.872 Loaded shared library C:\Program Files\Java\jdk-21\bin\management.dll
Event: 1.873 Loaded shared library C:\Program Files\Java\jdk-21\bin\management_ext.dll

Deoptimization events (20 events):
Event: 2.764 Thread 0x00000214c338c070 Uncommon trap: trap_request=0xffffff45 fr.pc=0x00000214d4f7e68c relative=0x000000000000006c
Event: 2.764 Thread 0x00000214c338c070 Uncommon trap: reason=unstable_if action=reinterpret pc=0x00000214d4f7e68c method=org.springframework.util.ConcurrentReferenceHashMap$Segment.clear()V @ 7 c2
Event: 2.764 Thread 0x00000214c338c070 DEOPT PACKING pc=0x00000214d4f7e68c sp=0x000000bd9bfff1f0
Event: 2.764 Thread 0x00000214c338c070 DEOPT UNPACKING pc=0x00000214d47f46a2 sp=0x000000bd9bfff180 mode 2
Event: 2.778 Thread 0x00000214c338c070 Uncommon trap: trap_request=0xffffff45 fr.pc=0x00000214d4fbf380 relative=0x0000000000000980
Event: 2.778 Thread 0x00000214c338c070 Uncommon trap: reason=unstable_if action=reinterpret pc=0x00000214d4fbf380 method=java.lang.Integer.stringSize(I)I @ 19 c2
Event: 2.778 Thread 0x00000214c338c070 DEOPT PACKING pc=0x00000214d4fbf380 sp=0x000000bd9bffe480
Event: 2.778 Thread 0x00000214c338c070 DEOPT UNPACKING pc=0x00000214d47f46a2 sp=0x000000bd9bffe390 mode 2
Event: 2.789 Thread 0x00000214c338c070 Uncommon trap: trap_request=0xfffffff4 fr.pc=0x00000214d516f514 relative=0x0000000000000074
Event: 2.789 Thread 0x00000214c338c070 Uncommon trap: reason=null_check action=make_not_entrant pc=0x00000214d516f514 method=java.lang.Class.isAnnotation()Z @ 1 c2
Event: 2.789 Thread 0x00000214c338c070 DEOPT PACKING pc=0x00000214d516f514 sp=0x000000bd9bffe060
Event: 2.789 Thread 0x00000214c338c070 DEOPT UNPACKING pc=0x00000214d47f46a2 sp=0x000000bd9bffdff0 mode 2
Event: 62.174 Thread 0x00000214ecc76b60 Uncommon trap: trap_request=0xffffffde fr.pc=0x00000214d5197dd8 relative=0x0000000000001478
Event: 62.174 Thread 0x00000214ecc76b60 Uncommon trap: reason=class_check action=maybe_recompile pc=0x00000214d5197dd8 method=java.util.concurrent.ConcurrentHashMap.putVal(Ljava/lang/Object;Ljava/lang/Object;Z)Ljava/lang/Object; @ 159 c2
Event: 62.174 Thread 0x00000214ecc76b60 DEOPT PACKING pc=0x00000214d5197dd8 sp=0x000000bd9f9fe270
Event: 62.174 Thread 0x00000214ecc76b60 DEOPT UNPACKING pc=0x00000214d47f46a2 sp=0x000000bd9f9fe210 mode 2
Event: 62.174 Thread 0x00000214ecc76b60 Uncommon trap: trap_request=0xffffff54 fr.pc=0x00000214d502e1c4 relative=0x0000000000004084
Event: 62.174 Thread 0x00000214ecc76b60 Uncommon trap: reason=speculate_null_assert action=make_not_entrant pc=0x00000214d502e1c4 method=java.lang.invoke.MethodType$ConcurrentWeakInternSet.add(Ljava/lang/Object;)Ljava/lang/Object; @ 47 c2
Event: 62.174 Thread 0x00000214ecc76b60 DEOPT PACKING pc=0x00000214d502e1c4 sp=0x000000bd9f9fe340
Event: 62.174 Thread 0x00000214ecc76b60 DEOPT UNPACKING pc=0x00000214d47f46a2 sp=0x000000bd9f9fe2e8 mode 2

Classes loaded (20 events):
Event: 62.320 Loading class sun/security/provider/MD5
Event: 62.320 Loading class sun/security/provider/MD5 done
Event: 62.320 Loading class sun/security/provider/ByteArrayAccess$LE
Event: 62.320 Loading class sun/security/provider/ByteArrayAccess$LE done
Event: 62.333 Loading class java/text/MessageFormat$Field
Event: 62.333 Loading class java/text/MessageFormat$Field done
Event: 62.338 Loading class java/lang/invoke/WrongMethodTypeException
Event: 62.338 Loading class java/lang/invoke/WrongMethodTypeException done
Event: 62.342 Loading class java/time/format/DateTimeFormatterBuilder$ZoneTextPrinterParser
Event: 62.342 Loading class java/time/format/DateTimeFormatterBuilder$ZoneTextPrinterParser done
Event: 62.343 Loading class java/time/format/DateTimeFormatterBuilder$ReducedPrinterParser
Event: 62.343 Loading class java/time/format/DateTimeFormatterBuilder$ReducedPrinterParser done
Event: 62.350 Loading class java/util/OptionalLong
Event: 62.351 Loading class java/util/OptionalLong done
Event: 62.351 Loading class java/util/OptionalDouble
Event: 62.351 Loading class java/util/OptionalDouble done
Event: 62.352 Loading class java/util/stream/LongStream
Event: 62.352 Loading class java/util/stream/LongStream done
Event: 62.352 Loading class java/util/stream/DoubleStream
Event: 62.353 Loading class java/util/stream/DoubleStream done

Classes unloaded (0 events):
No events

Classes redefined (0 events):
No events

Internal exceptions (20 events):
Event: 2.715 Thread 0x00000214c338c070 Exception <a 'java/lang/ClassNotFoundException'{0x0000000718e3d2b0}: org/quartz/simpl/SimpleThreadPoolBeanInfo> (0x0000000718e3d2b0) 
thrown [s\open\src\hotspot\share\classfile\systemDictionary.cpp, line 312]
Event: 2.715 Thread 0x00000214c338c070 Exception <a 'java/lang/ClassNotFoundException'{0x0000000718e3dfd8}: java/lang/ObjectBeanInfo> (0x0000000718e3dfd8) 
thrown [s\open\src\hotspot\share\classfile\systemDictionary.cpp, line 312]
Event: 2.716 Thread 0x00000214c338c070 Exception <a 'java/lang/ClassNotFoundException'{0x0000000718e3f2e8}: java/lang/ObjectCustomizer> (0x0000000718e3f2e8) 
thrown [s\open\src\hotspot\share\classfile\systemDictionary.cpp, line 312]
Event: 2.720 Thread 0x00000214c338c070 Exception <a 'java/lang/ClassNotFoundException'{0x0000000718e4dae8}: org/quartz/simpl/SimpleThreadPoolCustomizer> (0x0000000718e4dae8) 
thrown [s\open\src\hotspot\share\classfile\systemDictionary.cpp, line 312]
Event: 2.726 Thread 0x00000214c338c070 Exception <a 'java/lang/ClassNotFoundException'{0x0000000718ecde48}: org/quartz/simpl/RAMJobStoreBeanInfo> (0x0000000718ecde48) 
thrown [s\open\src\hotspot\share\classfile\systemDictionary.cpp, line 312]
Event: 2.726 Thread 0x00000214c338c070 Exception <a 'java/lang/ClassNotFoundException'{0x0000000718ed0520}: org/quartz/simpl/RAMJobStoreCustomizer> (0x0000000718ed0520) 
thrown [s\open\src\hotspot\share\classfile\systemDictionary.cpp, line 312]
Event: 2.766 Thread 0x00000214c338c070 Exception <a 'java/lang/NoSuchMethodError'{0x00000007161412a8}: 'java.lang.Object java.lang.invoke.DirectMethodHandle$Holder.newInvokeSpecial(java.lang.Object, java.lang.Object, int, java.lang.Object, java.lang.Object)'> (0x00000007161412a8) 
thrown [s\open\src\hotspot\share\interpreter\linkResolver.cpp, line 773]
Event: 62.193 Thread 0x00000214ecc76b60 Exception <a 'java/lang/NoSuchMethodError'{0x0000000715d28cd8}: 'java.lang.Object java.lang.invoke.DirectMethodHandle$Holder.invokeSpecial(java.lang.Object, java.lang.Object, java.lang.Object, java.lang.Object, java.lang.Object, long)'> (0x0000000715d28cd8) 
thrown [s\open\src\hotspot\share\interpreter\linkResolver.cpp, line 773]
Event: 62.193 Thread 0x00000214ecc76b60 Exception <a 'java/lang/NoSuchMethodError'{0x0000000715d2c498}: 'java.lang.Object java.lang.invoke.Invokers$Holder.linkToTargetMethod(java.lang.Object, java.lang.Object, java.lang.Object, long, java.lang.Object)'> (0x0000000715d2c498) 
thrown [s\open\src\hotspot\share\interpreter\linkResolver.cpp, line 773]
Event: 62.266 Thread 0x00000214ecc7ad00 Exception <a 'java/io/IOException'{0x0000000718f7eae0}: Connection reset by peer> (0x0000000718f7eae0) 
thrown [s\open\src\hotspot\share\prims\jni.cpp, line 539]
Event: 62.269 Thread 0x00000214ecc7ad00 Exception <a 'java/io/IOException'{0x0000000718f99b18}: Connection reset by peer> (0x0000000718f99b18) 
thrown [s\open\src\hotspot\share\prims\jni.cpp, line 539]
Event: 62.270 Thread 0x00000214ecc7ad00 Exception <a 'java/io/IOException'{0x0000000718f9f230}: Connection reset by peer> (0x0000000718f9f230) 
thrown [s\open\src\hotspot\share\prims\jni.cpp, line 539]
Event: 62.271 Thread 0x00000214ecc7ad00 Exception <a 'java/io/IOException'{0x0000000718fa4950}: Connection reset by peer> (0x0000000718fa4950) 
thrown [s\open\src\hotspot\share\prims\jni.cpp, line 539]
Event: 62.271 Thread 0x00000214ecc7ad00 Exception <a 'java/io/IOException'{0x0000000718fc5898}: Connection reset by peer> (0x0000000718fc5898) 
thrown [s\open\src\hotspot\share\prims\jni.cpp, line 539]
Event: 62.272 Thread 0x00000214ecc7ad00 Exception <a 'java/io/IOException'{0x0000000718fcae10}: Connection reset by peer> (0x0000000718fcae10) 
thrown [s\open\src\hotspot\share\prims\jni.cpp, line 539]
Event: 62.272 Thread 0x00000214ecc7ad00 Exception <a 'java/io/IOException'{0x0000000718fd0520}: Connection reset by peer> (0x0000000718fd0520) 
thrown [s\open\src\hotspot\share\prims\jni.cpp, line 539]
Event: 62.272 Thread 0x00000214ecc7ad00 Exception <a 'java/io/IOException'{0x0000000718fd5cf8}: Connection reset by peer> (0x0000000718fd5cf8) 
thrown [s\open\src\hotspot\share\prims\jni.cpp, line 539]
Event: 62.273 Thread 0x00000214ecc7ad00 Exception <a 'java/io/IOException'{0x0000000718fdb400}: Connection reset by peer> (0x0000000718fdb400) 
thrown [s\open\src\hotspot\share\prims\jni.cpp, line 539]
Event: 62.273 Thread 0x00000214ecc7ad00 Exception <a 'java/io/IOException'{0x0000000718fe0970}: Connection reset by peer> (0x0000000718fe0970) 
thrown [s\open\src\hotspot\share\prims\jni.cpp, line 539]
Event: 62.319 Thread 0x00000214ecc7ad00 Exception <a 'java/lang/NoSuchMethodError'{0x0000000716012218}: 'java.lang.Object java.lang.invoke.DirectMethodHandle$Holder.invokeInterface(java.lang.Object, java.lang.Object, java.lang.Object, java.lang.Object)'> (0x0000000716012218) 
thrown [s\open\src\hotspot\share\interpreter\linkResolver.cpp, line 773]

ZGC Phase Switch (0 events):
No events

VM Operations (20 events):
Event: 2.702 Executing VM operation: G1CollectForAllocation (G1 Evacuation Pause)
Event: 2.708 Executing VM operation: G1CollectForAllocation (G1 Evacuation Pause) done
Event: 3.719 Executing VM operation: Cleanup
Event: 3.719 Executing VM operation: Cleanup done
Event: 60.091 Executing VM operation: HandshakeAllThreads (HandshakeForDeflation)
Event: 60.091 Executing VM operation: HandshakeAllThreads (HandshakeForDeflation) done
Event: 60.091 Executing VM operation: RendezvousGCThreads
Event: 60.091 Executing VM operation: RendezvousGCThreads done
Event: 62.206 Executing VM operation: HandshakeAllThreads (Deoptimize)
Event: 62.206 Executing VM operation: HandshakeAllThreads (Deoptimize) done
Event: 62.206 Executing VM operation: Cleanup
Event: 62.206 Executing VM operation: Cleanup done
Event: 62.224 Executing VM operation: CollectForMetadataAllocation (Metadata GC Threshold)
Event: 62.226 Executing VM operation: CollectForMetadataAllocation (Metadata GC Threshold) done
Event: 62.235 Executing VM operation: G1PauseRemark
Event: 62.238 Executing VM operation: G1PauseRemark done
Event: 62.240 Executing VM operation: G1PauseCleanup
Event: 62.240 Executing VM operation: G1PauseCleanup done
Event: 62.345 Executing VM operation: HandshakeAllThreads (Deoptimize)
Event: 62.345 Executing VM operation: HandshakeAllThreads (Deoptimize) done

Events (20 events):
Event: 62.238 Thread 0x00000214c3362f90 flushing nmethod 0x00000214d4f1a190
Event: 62.238 Thread 0x00000214c3362f90 flushing nmethod 0x00000214d4f2a190
Event: 62.238 Thread 0x00000214c3362f90 flushing nmethod 0x00000214d4f19e90
Event: 62.238 Thread 0x00000214c3362f90 flushing nmethod 0x00000214d4f3f710
Event: 62.238 Thread 0x00000214c3362f90 flushing nmethod 0x00000214d4f29a10
Event: 62.238 Thread 0x00000214c3362f90 flushing nmethod 0x00000214d4f19a90
Event: 62.238 Thread 0x00000214c3362f90 flushing nmethod 0x00000214d4f19710
Event: 62.238 Thread 0x00000214c3362f90 flushing nmethod 0x00000214d4f19410
Event: 62.238 Thread 0x00000214c3362f90 flushing nmethod 0x00000214d4f0bf10
Event: 62.238 Thread 0x00000214c3362f90 flushing nmethod 0x00000214d4f0bc10
Event: 62.238 Thread 0x00000214c3362f90 flushing nmethod 0x00000214d4f09f90
Event: 62.238 Thread 0x00000214c3362f90 flushing nmethod 0x00000214d4f05290
Event: 62.238 Thread 0x00000214c3362f90 flushing nmethod 0x00000214d4f14c10
Event: 62.238 Thread 0x00000214c3362f90 flushing nmethod 0x00000214d4f09490
Event: 62.238 Thread 0x00000214c3362f90 flushing nmethod 0x00000214d4f03f90
Event: 62.238 Thread 0x00000214c3362f90 flushing nmethod 0x00000214d4f08890
Event: 62.238 Thread 0x00000214c3362f90 flushing nmethod 0x00000214d4ef1490
Event: 62.268 Thread 0x00000214ee14f930 Thread added: 0x00000214ee14f930
Event: 62.268 Thread 0x00000214ecc7a670 Thread added: 0x00000214ecc7a670
Event: 62.269 Thread 0x00000214edd2a810 Thread added: 0x00000214edd2a810


Dynamic libraries:
0x00007ff76abc0000 - 0x00007ff76abd0000 	C:\Program Files\Java\jdk-21\bin\java.exe
0x00007ffa9d590000 - 0x00007ffa9d7a7000 	C:\WINDOWS\SYSTEM32\ntdll.dll
0x00007ffa9c8f0000 - 0x00007ffa9c9b4000 	C:\WINDOWS\System32\KERNEL32.DLL
0x00007ffa9af10000 - 0x00007ffa9b2bd000 	C:\WINDOWS\System32\KERNELBASE.dll
0x00007ffa9aa20000 - 0x00007ffa9ab31000 	C:\WINDOWS\System32\ucrtbase.dll
0x00007ffa895f0000 - 0x00007ffa8960b000 	C:\Program Files\Java\jdk-21\bin\VCRUNTIME140.dll
0x00007ffa894e0000 - 0x00007ffa894f9000 	C:\Program Files\Java\jdk-21\bin\jli.dll
0x00007ffa9d2e0000 - 0x00007ffa9d392000 	C:\WINDOWS\System32\ADVAPI32.dll
0x00007ffa9d230000 - 0x00007ffa9d2d7000 	C:\WINDOWS\System32\msvcrt.dll
0x00007ffa9b760000 - 0x00007ffa9b809000 	C:\WINDOWS\System32\sechost.dll
0x00007ffa9aee0000 - 0x00007ffa9af08000 	C:\WINDOWS\System32\bcrypt.dll
0x00007ffa9bc90000 - 0x00007ffa9bda4000 	C:\WINDOWS\System32\RPCRT4.dll
0x00007ffa9b440000 - 0x00007ffa9b5ee000 	C:\WINDOWS\System32\USER32.dll
0x00007ffa89020000 - 0x00007ffa892b3000 	C:\WINDOWS\WinSxS\amd64_microsoft.windows.common-controls_6595b64144ccf1df_6.0.22621.3672_none_2713b9d173822955\COMCTL32.dll
0x00007ffa9a930000 - 0x00007ffa9a956000 	C:\WINDOWS\System32\win32u.dll
0x00007ffa9b710000 - 0x00007ffa9b739000 	C:\WINDOWS\System32\GDI32.dll
0x00007ffa9abe0000 - 0x00007ffa9acf9000 	C:\WINDOWS\System32\gdi32full.dll
0x00007ffa9ab40000 - 0x00007ffa9abda000 	C:\WINDOWS\System32\msvcp_win.dll
0x00007ffa92190000 - 0x00007ffa9219a000 	C:\WINDOWS\SYSTEM32\VERSION.dll
0x00007ffa9b2c0000 - 0x00007ffa9b2f1000 	C:\WINDOWS\System32\IMM32.DLL
0x00007ffa896a0000 - 0x00007ffa896ac000 	C:\Program Files\Java\jdk-21\bin\vcruntime140_1.dll
0x00007ffa76700000 - 0x00007ffa7678e000 	C:\Program Files\Java\jdk-21\bin\msvcp140.dll
0x00007ffa46560000 - 0x00007ffa4726d000 	C:\Program Files\Java\jdk-21\bin\server\jvm.dll
0x00007ffa9be10000 - 0x00007ffa9be81000 	C:\WINDOWS\System32\WS2_32.dll
0x00007ffa9a5c0000 - 0x00007ffa9a60d000 	C:\WINDOWS\SYSTEM32\POWRPROF.dll
0x00007ffa97fb0000 - 0x00007ffa97fe4000 	C:\WINDOWS\SYSTEM32\WINMM.dll
0x00007ffa9a5a0000 - 0x00007ffa9a5b3000 	C:\WINDOWS\SYSTEM32\UMPDC.dll
0x00007ffa99840000 - 0x00007ffa99858000 	C:\WINDOWS\SYSTEM32\kernel.appcore.dll
0x00007ffa88a80000 - 0x00007ffa88a8a000 	C:\Program Files\Java\jdk-21\bin\jimage.dll
0x00007ffa97d70000 - 0x00007ffa97fa2000 	C:\WINDOWS\SYSTEM32\DBGHELP.DLL
0x00007ffa9b810000 - 0x00007ffa9bb9d000 	C:\WINDOWS\System32\combase.dll
0x00007ffa9b300000 - 0x00007ffa9b3d7000 	C:\WINDOWS\System32\OLEAUT32.dll
0x00007ffa97d30000 - 0x00007ffa97d62000 	C:\WINDOWS\SYSTEM32\dbgcore.DLL
0x00007ffa9a8b0000 - 0x00007ffa9a92b000 	C:\WINDOWS\System32\bcryptPrimitives.dll
0x00007ffa88b20000 - 0x00007ffa88b2f000 	C:\Program Files\Java\jdk-21\bin\instrument.dll
0x00007ffa88a60000 - 0x00007ffa88a7f000 	C:\Program Files\Java\jdk-21\bin\java.dll
0x00007ffa9c9c0000 - 0x00007ffa9d228000 	C:\WINDOWS\System32\SHELL32.dll
0x00007ffa987b0000 - 0x00007ffa990ae000 	C:\WINDOWS\SYSTEM32\windows.storage.dll
0x00007ffa98670000 - 0x00007ffa987af000 	C:\WINDOWS\SYSTEM32\wintypes.dll
0x00007ffa9b610000 - 0x00007ffa9b709000 	C:\WINDOWS\System32\SHCORE.dll
0x00007ffa9c730000 - 0x00007ffa9c78e000 	C:\WINDOWS\System32\shlwapi.dll
0x00007ffa9a7e0000 - 0x00007ffa9a801000 	C:\WINDOWS\SYSTEM32\profapi.dll
0x00007ffa76620000 - 0x00007ffa766f7000 	C:\Program Files\Java\jdk-21\bin\jsvml.dll
0x00007ffa884b0000 - 0x00007ffa884c8000 	C:\Program Files\Java\jdk-21\bin\zip.dll
0x00007ffa88a50000 - 0x00007ffa88a60000 	C:\Program Files\Java\jdk-21\bin\net.dll
0x00007ffa95ff0000 - 0x00007ffa96126000 	C:\WINDOWS\SYSTEM32\WINHTTP.dll
0x00007ffa99d10000 - 0x00007ffa99d79000 	C:\WINDOWS\system32\mswsock.dll
0x00007ffa884d0000 - 0x00007ffa884e6000 	C:\Program Files\Java\jdk-21\bin\nio.dll
0x00007ffa883a0000 - 0x00007ffa883ba000 	C:\Program Files\JetBrains\IntelliJ IDEA Community Edition 2024.1.5\bin\breakgen64.dll
0x00007ffa88a40000 - 0x00007ffa88a49000 	C:\Program Files\Java\jdk-21\bin\extnet.dll
0x00007ffa88380000 - 0x00007ffa8838e000 	C:\Program Files\Java\jdk-21\bin\sunmscapi.dll
0x00007ffa9ad70000 - 0x00007ffa9aed7000 	C:\WINDOWS\System32\CRYPT32.dll
0x00007ffa9a1c0000 - 0x00007ffa9a1ee000 	C:\WINDOWS\SYSTEM32\ncrypt.dll
0x00007ffa9a180000 - 0x00007ffa9a1b7000 	C:\WINDOWS\SYSTEM32\NTASN1.dll
0x00007ffa99f30000 - 0x00007ffa99f4b000 	C:\WINDOWS\SYSTEM32\CRYPTSP.dll
0x00007ffa99800000 - 0x00007ffa99835000 	C:\WINDOWS\system32\rsaenh.dll
0x00007ffa99db0000 - 0x00007ffa99dd8000 	C:\WINDOWS\SYSTEM32\USERENV.dll
0x00007ffa99f50000 - 0x00007ffa99f5c000 	C:\WINDOWS\SYSTEM32\CRYPTBASE.dll
0x00007ffa99310000 - 0x00007ffa9933d000 	C:\WINDOWS\SYSTEM32\IPHLPAPI.DLL
0x00007ffa9c590000 - 0x00007ffa9c599000 	C:\WINDOWS\System32\NSI.dll
0x00007ffa88a00000 - 0x00007ffa88a0a000 	C:\Program Files\Java\jdk-21\bin\management.dll
0x00007ffa88390000 - 0x00007ffa8839b000 	C:\Program Files\Java\jdk-21\bin\management_ext.dll
0x00007ffa9c3c0000 - 0x00007ffa9c3c8000 	C:\WINDOWS\System32\PSAPI.DLL
0x00007ffa99340000 - 0x00007ffa99438000 	C:\WINDOWS\SYSTEM32\DNSAPI.dll
0x00000000712e0000 - 0x0000000071306000 	C:\Program Files\Bonjour\mdnsNSP.dll
0x00007ffa951b0000 - 0x00007ffa951ba000 	C:\Windows\System32\rasadhlp.dll
0x00007ffa953b0000 - 0x00007ffa95433000 	C:\WINDOWS\System32\fwpuclnt.dll
0x00007ffa6ef60000 - 0x00007ffa6ef68000 	C:\WINDOWS\system32\wshunix.dll

dbghelp: loaded successfully - version: 4.0.5 - missing functions: none
symbol engine: initialized successfully - sym options: 0x614 - pdb path: .;C:\Program Files\Java\jdk-21\bin;C:\WINDOWS\SYSTEM32;C:\WINDOWS\WinSxS\amd64_microsoft.windows.common-controls_6595b64144ccf1df_6.0.22621.3672_none_2713b9d173822955;C:\Program Files\Java\jdk-21\bin\server;C:\Program Files\JetBrains\IntelliJ IDEA Community Edition 2024.1.5\bin;C:\Program Files\Bonjour

VM Arguments:
jvm_args: -javaagent:C:\Program Files\JetBrains\IntelliJ IDEA Community Edition 2024.1.5\lib\idea_rt.jar=11811:C:\Program Files\JetBrains\IntelliJ IDEA Community Edition 2024.1.5\bin -Dfile.encoding=UTF-8 -Dsun.stdout.encoding=UTF-8 -Dsun.stderr.encoding=UTF-8 
java_command: com.example.Spring_Batch_Quartz_Demo.SpringBatchQuartzDemoApplication
java_class_path (initial): D:\ROD NGO\Spring_Batch-Quartz_Demo\target\classes;C:\Users\rod15\.m2\repository\org\springframework\boot\spring-boot-starter-batch\3.3.3\spring-boot-starter-batch-3.3.3.jar;C:\Users\rod15\.m2\repository\org\springframework\boot\spring-boot-starter\3.3.3\spring-boot-starter-3.3.3.jar;C:\Users\rod15\.m2\repository\org\springframework\boot\spring-boot\3.3.3\spring-boot-3.3.3.jar;C:\Users\rod15\.m2\repository\org\springframework\boot\spring-boot-autoconfigure\3.3.3\spring-boot-autoconfigure-3.3.3.jar;C:\Users\rod15\.m2\repository\org\springframework\boot\spring-boot-starter-logging\3.3.3\spring-boot-starter-logging-3.3.3.jar;C:\Users\rod15\.m2\repository\ch\qos\logback\logback-classic\1.5.7\logback-classic-1.5.7.jar;C:\Users\rod15\.m2\repository\ch\qos\logback\logback-core\1.5.7\logback-core-1.5.7.jar;C:\Users\rod15\.m2\repository\org\apache\logging\log4j\log4j-to-slf4j\2.23.1\log4j-to-slf4j-2.23.1.jar;C:\Users\rod15\.m2\repository\org\apache\logging\log4j\log4j-api\2.23.1\log4j-api-2.23.1.jar;C:\Users\rod15\.m2\repository\org\slf4j\jul-to-slf4j\2.0.16\jul-to-slf4j-2.0.16.jar;C:\Users\rod15\.m2\repository\jakarta\annotation\jakarta.annotation-api\2.1.1\jakarta.annotation-api-2.1.1.jar;C:\Users\rod15\.m2\repository\org\yaml\snakeyaml\2.2\snakeyaml-2.2.jar;C:\Users\rod15\.m2\repository\org\springframework\boot\spring-boot-starter-jdbc\3.3.3\spring-boot-starter-jdbc-3.3.3.jar;C:\Users\rod15\.m2\repository\com\zaxxer\HikariCP\5.1.0\HikariCP-5.1.0.jar;C:\Users\rod15\.m2\repository\org\springframework\batch\spring-batch-core\5.1.2\spring-batch-core-5.1.2.jar;C:\Users\rod15\.m2\repository\org\springframework\batch\spring-batch-infrastructure\5.1.2\spring-batch-infrastructure-5.1.2.jar;C:\Users\rod15\.m2\repository\org\springframework\retry\spring-retry\2.0.8\spring-retry-2.0.8.jar;C:\Users\rod15\.m2\repository\org\springframework\spring-aop\6.1.12\spring-aop-6.1.12.jar;C:\Users\rod15\.m2\repository\org\springframework\spring-beans\6.1.12\spring-beans-6.1.12.jar;C:\Users\rod15\.m2\repository\org\springframework\spring-context\6.1.12\spring-context-6.1.12.jar;C:\Users\rod15\.m2\repository\io\micrometer\micrometer-core\1.13.3\micrometer-core-1.13.3.jar;C:\Users\rod15\.m2\repository\io\micrometer\micrometer-commons\1.13.3\micrometer-commons-1.13.3.jar;C:\Users\rod15\.m2\repository\org\hdrhistogram\HdrHistogram\2.2.2\HdrHistogram-2.2.2.jar;C:\Users\rod15\.m2\repository\org\latencyutils\LatencyUtils\2.0.3\LatencyUtils-2.0.3.jar;C:\Users\rod15\.m2\repository\io\micrometer\micrometer-observation\1.13.3\micrometer-observation-1.13.3.jar;C:\Users\rod15\.m2\repository\org\springframework\boot\spring-boot-starter-quartz\3.3.3\spring-boot-starter-quartz-3.3.3.jar;C:\Users\rod15\.m2\repository\org\springframework\spring-context-support\6.1.12\spring-context-support-6.1.12.jar;C:\Users\rod15\.m2\repository\org\springframework\spring-tx\6.1.12\spring-tx-6.1.12.jar;C:\Users\rod15\.m2\repository\org\quartz-scheduler\quartz\2.3.2\quartz-2.3.2.jar;C:\Users\rod15\.m2\repository\com\mchange\mchange-commons-java\0.2.15\mchange-commons-java-0.2.15.jar;C:\Users\rod15\.m2\repository\org\slf4j\slf4j-api\2.0.16\slf4j-api-2.0.16.jar;C:\Users\rod15\.m2\repository\org\springframework\boot\spring-boot-starter-web\3.3.3\spring-boot-starter-web-3.3.3.jar;C:\Users\rod15\.m2\repository\org\springframework\boot\spring-boot-starter-json\3.3.3\spring-boot-starter-json-3.3.3.jar;C:\Users\rod15\.m2\repository\com\fasterxml\jackson\core\jackson-databind\2.17.2\jackson-databind-2.17.2.jar;C:\Users\rod15\.m2\repository\com\fasterxml\jackson\core\jackson-annotations\2.17.2\jackson-annotations-2.17.2.jar;C:\Users\rod15\.m2\repository\com\fasterxml\jackson\core\jackson-core\2.17.2\jackson-core-2.17.2.jar;C:\Users\rod15\.m2\repository\com\fasterxml\jackson\datatype\jackson-datatype-jdk8\2.17.2\jackson-datatype-jdk8-2.17.2.jar;C:\Users\rod15\.m2\repository\com\fasterxml\jackson\datatype\jackson-datatype-jsr310\2.17.2\jackson-datatype-jsr310-2.17.2.jar;C:\Users\rod15\.m2\repository\com\fasterxml\jackson\module\jackson-module-parameter-names\2.17.2\jackson-module-parameter-names-2.17.2.jar;C:\Users\rod15\.m2\repository\org\springframework\boot\spring-boot-starter-tomcat\3.3.3\spring-boot-starter-tomcat-3.3.3.jar;C:\Users\rod15\.m2\repository\org\apache\tomcat\embed\tomcat-embed-core\10.1.28\tomcat-embed-core-10.1.28.jar;C:\Users\rod15\.m2\repository\org\apache\tomcat\embed\tomcat-embed-el\10.1.28\tomcat-embed-el-10.1.28.jar;C:\Users\rod15\.m2\repository\org\apache\tomcat\embed\tomcat-embed-websocket\10.1.28\tomcat-embed-websocket-10.1.28.jar;C:\Users\rod15\.m2\repository\org\springframework\spring-web\6.1.12\spring-web-6.1.12.jar;C:\Users\rod15\.m2\repository\org\springframework\spring-webmvc\6.1.12\spring-webmvc-6.1.12.jar;C:\Users\rod15\.m2\repository\org\springframework\spring-expression\6.1.12\spring-expression-6.1.12.jar;C:\Users\rod15\.m2\repository\org\postgresql\postgresql\42.7.3\postgresql-42.7.3.jar;C:\Users\rod15\.m2\repository\org\checkerframework\checker-qual\3.42.0\checker-qual-3.42.0.jar;C:\Users\rod15\.m2\repository\org\projectlombok\lombok\1.18.34\lombok-1.18.34.jar;C:\Users\rod15\.m2\repository\org\springframework\spring-core\6.1.12\spring-core-6.1.12.jar;C:\Users\rod15\.m2\repository\org\springframework\spring-jcl\6.1.12\spring-jcl-6.1.12.jar;C:\Users\rod15\.m2\repository\org\springframework\spring-jdbc\6.1.12\spring-jdbc-6.1.12.jar
Launcher Type: SUN_STANDARD

[Global flags]
     intx CICompilerCount                          = 12                                        {product} {ergonomic}
     uint ConcGCThreads                            = 3                                         {product} {ergonomic}
     uint G1ConcRefinementThreads                  = 13                                        {product} {ergonomic}
   size_t G1HeapRegionSize                         = 2097152                                   {product} {ergonomic}
    uintx GCDrainStackTargetSize                   = 64                                        {product} {ergonomic}
   size_t InitialHeapSize                          = 260046848                                 {product} {ergonomic}
   size_t MarkStackSize                            = 4194304                                   {product} {ergonomic}
   size_t MaxHeapSize                              = 4135583744                                {product} {ergonomic}
   size_t MaxNewSize                               = 2480930816                                {product} {ergonomic}
   size_t MinHeapDeltaBytes                        = 2097152                                   {product} {ergonomic}
   size_t MinHeapSize                              = 8388608                                   {product} {ergonomic}
    uintx NonNMethodCodeHeapSize                   = 7602480                                {pd product} {ergonomic}
    uintx NonProfiledCodeHeapSize                  = 122027880                              {pd product} {ergonomic}
    uintx ProfiledCodeHeapSize                     = 122027880                              {pd product} {ergonomic}
    uintx ReservedCodeCacheSize                    = 251658240                              {pd product} {ergonomic}
     bool SegmentedCodeCache                       = true                                      {product} {ergonomic}
   size_t SoftMaxHeapSize                          = 4135583744                             {manageable} {ergonomic}
     bool UseCompressedOops                        = true                           {product lp64_product} {ergonomic}
     bool UseG1GC                                  = true                                      {product} {ergonomic}
     bool UseLargePagesIndividualAllocation        = false                                  {pd product} {ergonomic}

Logging:
Log output configuration:
 #0: stdout all=warning uptime,level,tags foldmultilines=false
 #1: stderr all=off uptime,level,tags foldmultilines=false

Environment Variables:
PATH=C:\Program Files\Common Files\Oracle\Java\javapath;C:\Program Files\Microsoft MPI\Bin\;C:\Program Files (x86)\VMware\VMware Workstation\bin\;C:\WINDOWS\system32;C:\WINDOWS;C:\WINDOWS\System32\Wbem;C:\WINDOWS\System32\WindowsPowerShell\v1.0\;C:\WINDOWS\System32\OpenSSH\;C:\Program Files\Azure Data Studio\bin;C:\Program Files (x86)\Microsoft SQL Server\160\Tools\Binn\;C:\Program Files\Microsoft SQL Server\160\Tools\Binn\;C:\Program Files\Microsoft SQL Server\Client SDK\ODBC\170\Tools\Binn\;C:\Program Files\Microsoft SQL Server\160\DTS\Binn\;C:\Program Files\Docker\Docker\resources\bin;C:\Program Files\dotnet\;C:\Program Files\Java\jdk-21\bin;C:\Program Files (x86)\Microsoft SQL Server\150\Tools\Binn\;C:\Program Files\Microsoft SQL Server\150\Tools\Binn\;C:\Program Files\Microsoft SQL Server\150\DTS\Binn\;C:\Program Files (x86)\Microsoft SQL Server\150\DTS\Binn\;C:\Program Files\Git\cmd;C:\Users\rod15\AppData\Local\Programs\Python\Python312\Scripts\;C:\Users\rod15\AppData\Local\Programs\Python\Python312\;C:\WINDOWS\system32;C:\WINDOWS;C:\WINDOWS\System32\Wbem;C:\WINDOWS\System32\WindowsPowerShell\v1.0\;C:\WINDOWS\System32\OpenSSH\;C:\Program Files\Git\cmd;C:\Users\rod15\AppData\Local\Microsoft\WindowsApps;C:\Users\rod15\AppData\Local\Programs\Microsoft VS Code\bin;C:\Python34\Scripts;C:\Program Files\Azure Data Studio\bin;C:\Users\rod15\.dotnet\tools;C:\Program Files\JetBrains\IntelliJ IDEA Community Edition 2024.1.5\bin;;C:\Program Files\PostgreSQL\16\bin;D:\ROD NGO\apache-maven-3.9.8\bin;C:\Users\rod15\Hugo\bin;
USERNAME=rod15
OS=Windows_NT
PROCESSOR_IDENTIFIER=AMD64 Family 25 Model 80 Stepping 0, AuthenticAMD
TMP=C:\Users\rod15\AppData\Local\Temp
TEMP=C:\Users\rod15\AppData\Local\Temp




Periodic native trim disabled

---------------  S Y S T E M  ---------------

OS:
 Windows 11 , 64 bit Build 22621 (10.0.22621.3958)
OS uptime: 7 days 1:06 hours
Hyper-V role detected

CPU: total 16 (initial active 16) (16 cores per cpu, 2 threads per core) family 25 model 80 stepping 0 microcode 0x0, cx8, cmov, fxsr, ht, mmx, 3dnowpref, sse, sse2, sse3, ssse3, sse4a, sse4.1, sse4.2, popcnt, lzcnt, tsc, tscinvbit, avx, avx2, aes, erms, clmul, bmi1, bmi2, adx, sha, fma, vzeroupper, clflush, clflushopt, hv, rdtscp, rdpid, fsrm, f16c, cet_ss
Processor Information for all 16 processors :
  Max Mhz: 3201, Current Mhz: 3201, Mhz Limit: 3201

Memory: 4k page, system-wide physical 15775M (1305M free)
TotalPageFile size 35025M (AvailPageFile size 5M)
current process WorkingSet (physical memory assigned to process): 200M, peak: 235M
current process commit charge ("private bytes"): 250M, peak: 419M

vm_info: Java HotSpot(TM) 64-Bit Server VM (21.0.3+7-LTS-152) for windows-amd64 JRE (21.0.3+7-LTS-152), built on 2024-03-11T17:42:26Z by "mach5one" with MS VC++ 17.6 (VS2022)

END.
